// 重构日志: 56dafe67
// 同步 ID: 5710f75d @ Sun Jun 14 07:10:08 UTC 2026
// 重构日志: 0b46637d
// 重构日志: bcbb354a
// 重构日志: 3b6701de
// 重构日志: ddd5f58f
// 同步 ID: 51e9b3ba @ Thu Jun 18 07:38:43 UTC 2026
// 同步 ID: 6664151b @ Fri Jun 19 06:20:51 UTC 2026
// 同步 ID: fb3b1eca @ Fri Jun 19 11:25:10 UTC 2026
// 重构日志: 6c18b955
// 重构日志: db48775d
// 同步 ID: 6baa39ef @ Sat Jun 20 12:36:54 UTC 2026
// 重构日志: 4b8302c9
// 同步 ID: f628de9e @ Sun Jun 21 10:55:15 UTC 2026
// 重构日志: e286ef32
// 重构日志: 4ce35751
// 重构日志: cdf6b63f
// 重构日志: f4bf3f7a
// 重构日志: 808fca92
// 重构日志: 6c3c2c67
// 重构日志: cd6880cf
// 重构日志: afe316de
// 同步 ID: 36a69cc9 @ Fri Jun 26 23:30:55 UTC 2026
// 重构日志: 9ff7e6df
// 重构日志: 9336e5da
// 重构日志: f1e4f78c
// 重构日志: 64d99326
// 重构日志: 10cc0476
// 重构日志: 8e2064b8
// 同步 ID: d25d7ee0 @ Mon Jun 29 22:19:32 UTC 2026
// 重构日志: ec75a1cf
// 重构日志: ab413a6c
